<?xml version="1.0" encoding="UTF-8" ?>
<testsuite tests="20" failures="0" name="engine.MoveCheckerTest" time="0" errors="0" skipped="0">
  <properties>
[...]
</properties>
  <testcase classname="engine.MoveCheckerTest" name="rooksCanMoveHorizontally" time="0"/>
  <testcase classname="engine.MoveCheckerTest" name="queensCanMoveVertically" time="0"/>
  <testcase classname="engine.MoveCheckerTest" name="knightsCanMoveOverPieces" time="0"/>
  <testcase classname="engine.MoveCheckerTest" name="queensCannotMoveIllegally" time="0"/>
  <testcase classname="engine.MoveCheckerTest" name="bishopsCannotMoveOverPieces" time="0"/>
  <testcase classname="engine.MoveCheckerTest" name="kingsCannotMoveOverOneSpace" time="0"/>
  <testcase classname="engine.MoveCheckerTest" name="pawnsCanMoveTwoSquaresOnFirstMoveOnly" time="0"/>
  <testcase classname="engine.MoveCheckerTest" name="queensCanMoveHorizontally" time="0"/>
  <testcase classname="engine.MoveCheckerTest" name="rooksCannotMoveOverPieces" time="0"/>
  <testcase classname="engine.MoveCheckerTest" name="pawnsCanMoveOnlyInCorrectDirection" time="0"/>
  <testcase classname="engine.MoveCheckerTest" name="pawnsCannotJumpOverPieces" time="0"/>
  <testcase classname="engine.MoveCheckerTest" name="queensCannotMoveOverPiecesDiagonally" time="0"/>
  <testcase classname="engine.MoveCheckerTest" name="queensCannotMoveOverPieces" time="0"/>
  <testcase classname="engine.MoveCheckerTest" name="bishopsCanMoveDiagonally" time="0"/>
  <testcase classname="engine.MoveCheckerTest" name="bishopsCannotMoveVerticallyOrHorizontally" time="0"/>
  <testcase classname="engine.MoveCheckerTest" name="rooksCannotMoveDiagonally" time="0"/>
  <testcase classname="engine.MoveCheckerTest" name="pawnsCanMoveDiagonallyWhenCapturing" time="0"/>
  <testcase classname="engine.MoveCheckerTest" name="queensCanMoveDiagonally" time="0"/>
  <testcase classname="engine.MoveCheckerTest" name="rooksCanMoveVertically" time="0"/>
  <testcase classname="engine.MoveCheckerTest" name="kingsCanMoveOneSpace" time="0"/>
</testsuite>